<?xml version="1.0" encoding="UTF-8"?>
<!-- Generated by org.testng.reporters.JUnitReportReporter -->
<testsuite hostname="EESHANACHARYA" failures="0" tests="1" name="assertion.Assertion" time="5.431" errors="0" timestamp="2024-08-31T13:43:56 IST" skipped="0">
  <testcase classname="assertion.Assertion" name="add" time="5.431"/>
  <system-out/>
</testsuite> <!-- assertion.Assertion -->
